INFO: [VRFC 10-2263] Analyzing SystemVerilog file "D:/vivado_projects/sha3/CHI.sv" into library xil_defaultlib
INFO: [VRFC 10-311] analyzing module CHI
INFO: [VRFC 10-2263] Analyzing SystemVerilog file "D:/vivado_projects/sha3/CHI_row.sv" into library xil_defaultlib
INFO: [VRFC 10-311] analyzing module CHI_row
INFO: [VRFC 10-2263] Analyzing SystemVerilog file "D:/vivado_projects/sha3/IOTA.sv" into library xil_defaultlib
INFO: [VRFC 10-311] analyzing module IOTA
INFO: [VRFC 10-2263] Analyzing SystemVerilog file "D:/vivado_projects/sha3/PERMUTATION_MODULE.sv" into library xil_defaultlib
INFO: [VRFC 10-311] analyzing module PERMUTATION_MODULE
INFO: [VRFC 10-2263] Analyzing SystemVerilog file "D:/vivado_projects/sha3/PI.sv" into library xil_defaultlib
INFO: [VRFC 10-311] analyzing module PI
INFO: [VRFC 10-2263] Analyzing SystemVerilog file "D:/vivado_projects/sha3/RHO.sv" into library xil_defaultlib
INFO: [VRFC 10-311] analyzing module RHO
INFO: [VRFC 10-2263] Analyzing SystemVerilog file "D:/vivado_projects/sha3/RND.sv" into library xil_defaultlib
INFO: [VRFC 10-311] analyzing module RND
INFO: [VRFC 10-2263] Analyzing SystemVerilog file "D:/vivado_projects/sha3/ROUND_CONSTANT_COUNTER.sv" into library xil_defaultlib
INFO: [VRFC 10-311] analyzing module ROUND_CONSTANT_COUNTER
INFO: [VRFC 10-2263] Analyzing SystemVerilog file "D:/vivado_projects/sha3/THETA.sv" into library xil_defaultlib
INFO: [VRFC 10-311] analyzing module THETA
INFO: [VRFC 10-2263] Analyzing SystemVerilog file "D:/vivado_projects/sha3/THETA_column.sv" into library xil_defaultlib
INFO: [VRFC 10-311] analyzing module THETA_column
INFO: [VRFC 10-2263] Analyzing SystemVerilog file "D:/vivado_projects/sha3/SHA3_tb.sv" into library xil_defaultlib
INFO: [VRFC 10-311] analyzing module SHA3_TB
