Time resolution is 1 ps
TIME = 0 
 in = xxxxxxxxxxxxxxxxxxxxxxxxxxxxxxxxxxxxxxxxxxxxxxxxxxxxxxxxxxxxxxxxxxxxxxxxxxxxxxxxxxxxxxxxxxxxxxxxxxxxxxxxxxxxxxxxxxxxxxxxxxxxxxxxxxxxxxxxxxxxxxxxxxxxxxxxxxxxxxxxxxxxxxxxxxxxxxxxxxxxxxxxxxxxxxxxxxxxxxxxxxxxxxxxxxxxxxxxxxxxxxxxxxxxxxxxxxxxxxxxxxxxxxxxxxxxxxxxxxxxxxxxxxxxxxxxxxxxxxxxxxxxxxxx 
 in_conv = xxxxxxxxxxxxxxxxxxxxxxxxxxxxxxxxxxxxxxxxxxxxxxxxxxxxxxxxxxxxxxxxxxxxxxxxxxxxxxxxxxxxxxxxxxxxxxxxxxxxxxxxxxxxxxxxxxxxxxxxxxxxxxxxxxxxxxxxxxxxxxxxxxxxxxxxxxxxxxxxxxxxxxxxxxxxxxxxxxxxxxxxxxxxxxxxxxxxxxxxxxxxxxxxxxxxxxxxxxxxxxxxxxxxxxxxxxxxxxxxxxxxxxxxxxxxxxxxxxxxxxxxxxxxxxxxxxxxxxxxxxxxxxxx 
 out = 0000000000000000000000000000000000000000000000000000000000000000000000000000000000000000000000000000000000000000000000000000000000000000000000000000000000000000000000000000000000000000000000000000000000000000000000000000000000000000000000000000000000000000000000000000000000000000000000000000000000000000000000000000000000000000000000000000000000000000000000000000000000000000000000000000000000000000 
TIME = 5000 
 in = 53587b990100000000000000000000000000000000000000000000000000000000000000000000000000000000000000000000000000000000000000000000000000000000000000000000000000000000000000000000000000000000000000000000000000000000000000000000000000000000000000000000000000000000000000000000000000000000000080 
 in_conv = ca1ade998000000000000000000000000000000000000000000000000000000000000000000000000000000000000000000000000000000000000000000000000000000000000000000000000000000000000000000000000000000000000000000000000000000000000000000000000000000000000000000000000000000000000000000000000000000000000001 
 out = 0000000000000000000000000000000000000000000000000000000000000000000000000000000000000000000000000000000000000000000000000000000000000000000000000000000000000000000000000000000000000000000000000000000000000000000000000000000000000000000000000000000000000000000000000000000000000000000000000000000000000000000000000000000000000000000000000000000000000000000000000000000000000000000000000000000000000000 
TIME = 110000 
 in = 53587b990100000000000000000000000000000000000000000000000000000000000000000000000000000000000000000000000000000000000000000000000000000000000000000000000000000000000000000000000000000000000000000000000000000000000000000000000000000000000000000000000000000000000000000000000000000000000080 
 in_conv = ca1ade998000000000000000000000000000000000000000000000000000000000000000000000000000000000000000000000000000000000000000000000000000000000000000000000000000000000000000000000000000000000000000000000000000000000000000000000000000000000000000000000000000000000000000000000000000000000000001 
 out = 52587b990100000097191000002085b5008029acbdcc00005358421100000000848129acbdec85b500000008000000002f33600a6b6f396b00000000000000002f33000800400a6b000060026b2f3300a4b0f6330300000000a6b0f6320300000000000100000000a41646c4310300000000000000000000004861dde0b397190000000000000000004861ed650680000040003085b517190000000000008000990100000053187b0000000000004000d160ed650653587b00000000000000004861ed6506004000 
TIME = 120000 
 in = 53587b990100000000000000000000000000000000000000000000000000000000000000000000000000000000000000000000000000000000000000000000000000000000000000000000000000000000000000000000000000000000000000000000000000000000000000000000000000000000000000000000000000000000000000000000000000000000000080 
 in_conv = ca1ade998000000000000000000000000000000000000000000000000000000000000000000000000000000000000000000000000000000000000000000000000000000000000000000000000000000000000000000000000000000000000000000000000000000000000000000000000000000000000000000000000000000000000000000000000000000000000001 
 out = 7fa156af741b0e0bad57c37be1337e44be289b3b9ec135c77a044d81a71f527fd0ff12574cb9edf92f5983bf113378be05f50a20702bb83ba3789e0e40975044908778ebb6b3112ceb900c8880f6b22984fa6d214af6724d8bc660b7096cfab372a2a2f87adc65bd131611d43a5644c252ce817296c004919a3e0e45fc87f73410bf610a04dff5a21cd6697d02a350f3b50f80df34674cf6486c53f71e2d19cac2d5bae2335bb342fb711d0d8f67fdb2297815410386273a1e1bf11321e863831be1dacff449f764 
TIME = 130000 
 in = 53587b990100000000000000000000000000000000000000000000000000000000000000000000000000000000000000000000000000000000000000000000000000000000000000000000000000000000000000000000000000000000000000000000000000000000000000000000000000000000000000000000000000000000000000000000000000000000000080 
 in_conv = ca1ade998000000000000000000000000000000000000000000000000000000000000000000000000000000000000000000000000000000000000000000000000000000000000000000000000000000000000000000000000000000000000000000000000000000000000000000000000000000000000000000000000000000000000000000000000000000000000001 
 out = fa527be5ab50c23c5af5660710c74314aa8a54834c9d12e0c3127032638690ee1c02d0be756143cc26eef441e6aaaba52bf75c6a0c747c4f78090c97ef6a7c558d6b65044bb8e64d806bc4a305309cc7618d321db058b1b9b6301e7e496a6c0cd1e454d932cc9dfe320b6c1329bd7df82867a0d15e839ea64ded10b86d764e9cfd38640f4e38d2d148cf9e2a9bcdcf65dadb3aa76739f6ca3d068ce792770b722250790bec7198d4c885b8b8a76482df96354c76a5848e6f3bb6c95aaa731ad2ca849c5290ee4a42 
TIME = 140000 
 in = 53587b990100000000000000000000000000000000000000000000000000000000000000000000000000000000000000000000000000000000000000000000000000000000000000000000000000000000000000000000000000000000000000000000000000000000000000000000000000000000000000000000000000000000000000000000000000000000000080 
 in_conv = ca1ade998000000000000000000000000000000000000000000000000000000000000000000000000000000000000000000000000000000000000000000000000000000000000000000000000000000000000000000000000000000000000000000000000000000000000000000000000000000000000000000000000000000000000000000000000000000000000001 
 out = 194bbed9fcd16511a9f44433e80e1c64016a78ae46cbc1cb8a2914c5bba59cb24ec0fcc2ee0d695f3d967ab97078aec1aa4690df20ce54331ee6486b2997b8f3c1820f9e7e8ef4b0e950f14e56d438e4f4161f1d7acbb3ee626c2e9682320badaf7410d18dbfe3bae00408ff6ea4e7c97e8637ae33dce8c69a9fec7e64b9370b36af0e8bb8ce41ffae79279e5b09891881dc051d990fc9e7167e3add8fe8a971900aaec54a22978f67395f5e4a7fd6e18ebf00f78a8ab0100875c6b2aef5ea86e7bb555d369aa8b3 
TIME = 150000 
 in = 53587b990100000000000000000000000000000000000000000000000000000000000000000000000000000000000000000000000000000000000000000000000000000000000000000000000000000000000000000000000000000000000000000000000000000000000000000000000000000000000000000000000000000000000000000000000000000000000080 
 in_conv = ca1ade998000000000000000000000000000000000000000000000000000000000000000000000000000000000000000000000000000000000000000000000000000000000000000000000000000000000000000000000000000000000000000000000000000000000000000000000000000000000000000000000000000000000000000000000000000000000000001 
 out = 93893d74ace1f7ee20ee7b2fec1c35566573a4389eb2849f0043a3ac3a9495190dfd5c4badee065716ff74b4d5d3ca1f46e0e3492ea33c17e084e3018fdd3f817356f44a0fa151ba3e7f624a6b841354a1ceb71da46f84e77a1b6d4837486d09450e5a659c098d390e8945c053ae6e234ff62fe7e5622f4054c015487e53000ab41329615f565cc7674e3c05c3da3e5d9050ed1a9251edc2cd6963cb7a3dee8c8dc5306ffd3c0f748e914110f2910395642f8d7b8ded9e4a8bce0e4adae62bd9717a639bd1980139 
TIME = 160000 
 in = 53587b990100000000000000000000000000000000000000000000000000000000000000000000000000000000000000000000000000000000000000000000000000000000000000000000000000000000000000000000000000000000000000000000000000000000000000000000000000000000000000000000000000000000000000000000000000000000000080 
 in_conv = ca1ade998000000000000000000000000000000000000000000000000000000000000000000000000000000000000000000000000000000000000000000000000000000000000000000000000000000000000000000000000000000000000000000000000000000000000000000000000000000000000000000000000000000000000000000000000000000000000001 
 out = 874017ed950c780464576cebaa5dc15679c2b473a272fd38147a47c7f4a44e60a073d34263579366af9186a8e4d513aea8233132587b4c9d693de285c1143ba5bb73b0dc9cb8d97181371f7bb1b243adb6e10a39798f4fbf6d9205c3ac0a4d9b782dfa899e871d02c255e02449eb3fd6fad803f6eef835873135a4a0764244fc37d613968d29ebd512845cbe93bb63dfce0d2e6ea11b23ef534a155e653fafc811faa3b326bf9d8880b9aaae45a6a3d3664895afafe9a334a3048e4795478af3d6720cf3fb004662 
TIME = 170000 
 in = 53587b990100000000000000000000000000000000000000000000000000000000000000000000000000000000000000000000000000000000000000000000000000000000000000000000000000000000000000000000000000000000000000000000000000000000000000000000000000000000000000000000000000000000000000000000000000000000000080 
 in_conv = ca1ade998000000000000000000000000000000000000000000000000000000000000000000000000000000000000000000000000000000000000000000000000000000000000000000000000000000000000000000000000000000000000000000000000000000000000000000000000000000000000000000000000000000000000000000000000000000000000001 
 out = 556283da0f77144f1ac8122783618a7a910e9121347d34b34d84ea25d0ddb8e4ad965297e00e550f0471a47d6ba45c141c1bdbd31d016bf161b7fbb0ba5796baa9742e35cddbfea6fe4758f6920a86dbef49edf4e422112f51986782f3dff8283878d3e64e423eb3140e901bb7e0d7c113988d3adb0f8a2a14e5f7eecf6e53321c156bc2f67d34d948ec2b4dd1d8511ff0969130a7be0713fa44e400a1986bcbd6f90e7c8fa384f412ecf61c076962ac8fad32a25f6b18ce4de1413aed861ef519ec40775ce6c560 
TIME = 180000 
 in = 53587b990100000000000000000000000000000000000000000000000000000000000000000000000000000000000000000000000000000000000000000000000000000000000000000000000000000000000000000000000000000000000000000000000000000000000000000000000000000000000000000000000000000000000000000000000000000000000080 
 in_conv = ca1ade998000000000000000000000000000000000000000000000000000000000000000000000000000000000000000000000000000000000000000000000000000000000000000000000000000000000000000000000000000000000000000000000000000000000000000000000000000000000000000000000000000000000000000000000000000000000000001 
 out = 09f7c7a451417c7caa67ae5dccebef356b8ae10a53ac865ed0c0beb3980e0e4e2e585bf22cd5cc5117780a0338d8984e2bb11c1e268810d756664e046c0cc8230158bd3cd2c77f4e8180844524cc4f0bf20dc3a4a551f93ee0ee05f4877919ae92e81b4bb2ef36a38b46800a171668c7bbd71ca32b2988c75b804ecc183cf56960604d734e030f9c97ebc25e7fbd67754b8841660073c6ef82c6fa18f1643f12d0f2ae28da0b56acbae47365f76a33b09ef5568ffc57d1b631073176061b40ecc8ad42a74eed3e75 
TIME = 190000 
 in = 53587b990100000000000000000000000000000000000000000000000000000000000000000000000000000000000000000000000000000000000000000000000000000000000000000000000000000000000000000000000000000000000000000000000000000000000000000000000000000000000000000000000000000000000000000000000000000000000080 
 in_conv = ca1ade998000000000000000000000000000000000000000000000000000000000000000000000000000000000000000000000000000000000000000000000000000000000000000000000000000000000000000000000000000000000000000000000000000000000000000000000000000000000000000000000000000000000000000000000000000000000000001 
 out = ab68abc0605f71c7af1cd373fa92042708869f9a466fb1aeb4e1a602cf9234e0addd5934483f02098a5965db2c850edfd4fb6684e6fba002b08e7c0590fc7ea11ef7938ce96db9003cbf27e4d0f3c78b83010004b71108cf77237c5ca15169172075dd0b30ad0243476d76d4e60b2d559175bc375b41fb57c379b6a446af531cdfa27800e7792aa6e40cafad67c133c163deb7f2544e4c05c9e7fc637ccb21881ca723250cc4f8fdc57d3b70ac165b49f9b2001c5a337299687bc796e866a2288496a879926d4008 
TIME = 200000 
 in = 53587b990100000000000000000000000000000000000000000000000000000000000000000000000000000000000000000000000000000000000000000000000000000000000000000000000000000000000000000000000000000000000000000000000000000000000000000000000000000000000000000000000000000000000000000000000000000000000080 
 in_conv = ca1ade998000000000000000000000000000000000000000000000000000000000000000000000000000000000000000000000000000000000000000000000000000000000000000000000000000000000000000000000000000000000000000000000000000000000000000000000000000000000000000000000000000000000000000000000000000000000000001 
 out = 23d838888117c32f8b1fa879dc312af144e5311af083bde2586f9ea57a00d19b7d3a20719d7e0b3c9d6cf0916a3fc1fca6f30b5a3e7efffc1d2f736338c3f64fa05a9cc85d9334a886217ad59b3bb44e90cec25cbf4792b98eda6bec898686052235c634420a34cdfd75e3781922d4a63e5ff87d871e750530adcf8ef9ee3418c0888756a29b641856686839f88a20d10b13b8d220eb149fbd685878fe80d67136a81a0d12a2c44cb81ab85cdf449f601b706613db7e138ee88507e2f447d7e88145ad2547fb635a 
TIME = 210000 
 in = 53587b990100000000000000000000000000000000000000000000000000000000000000000000000000000000000000000000000000000000000000000000000000000000000000000000000000000000000000000000000000000000000000000000000000000000000000000000000000000000000000000000000000000000000000000000000000000000000080 
 in_conv = ca1ade998000000000000000000000000000000000000000000000000000000000000000000000000000000000000000000000000000000000000000000000000000000000000000000000000000000000000000000000000000000000000000000000000000000000000000000000000000000000000000000000000000000000000000000000000000000000000001 
 out = a578b086979b2df33e25ce5ac43b388ac8e430c390a38121aa1c637d00ab9f2d04f4403b1383766c724914c9eba1a309678125b3a15bf792f872d398323da12523dbeb788b8eb0af258f8c2163b22fb79e10c79062dea263b8804986ebdf6bcab909e573888e2b9afe134078b0bf78a7ce45ef2f132a053424c11ddc0412af5ddb25e32e258518e49428a2893eb703d336fab061175b1d1168156f2e99a86f8c5cfa7e84c56fd419370c96d634f817519a2fa8e3ccc4bb8c0689d1974efc7efbd3ab4b17fbe89ba3 
TIME = 220000 
 in = 53587b990100000000000000000000000000000000000000000000000000000000000000000000000000000000000000000000000000000000000000000000000000000000000000000000000000000000000000000000000000000000000000000000000000000000000000000000000000000000000000000000000000000000000000000000000000000000000080 
 in_conv = ca1ade998000000000000000000000000000000000000000000000000000000000000000000000000000000000000000000000000000000000000000000000000000000000000000000000000000000000000000000000000000000000000000000000000000000000000000000000000000000000000000000000000000000000000000000000000000000000000001 
 out = 79f6bb24ba0682fc43c35462acb8031b9b5783cd8f5b592aba3d0a626d37f51d80fc79cefc3cac3b6d93b75dec087682772a15e051f7feca83de705f770acb6cd307fb390db78ce181a56d4c834d2747413cad13474e566c9e16cc53ae1a0338d22687a1431c0cd7f84820f5a904b6dc181a08845d8f4fd76f6ee7022c4bf5357ef8c65042376dae40d8eac23d8b0f420e3989358346f6520143cdf1e9adb3a2862aefd7f2d218978b641988292963ce55ef36996b7c63372d54592134d2b6ea05c82c7e62b07d3c 
TIME = 230000 
 in = 53587b990100000000000000000000000000000000000000000000000000000000000000000000000000000000000000000000000000000000000000000000000000000000000000000000000000000000000000000000000000000000000000000000000000000000000000000000000000000000000000000000000000000000000000000000000000000000000080 
 in_conv = ca1ade998000000000000000000000000000000000000000000000000000000000000000000000000000000000000000000000000000000000000000000000000000000000000000000000000000000000000000000000000000000000000000000000000000000000000000000000000000000000000000000000000000000000000000000000000000000000000001 
 out = 504eea2d2973f8f1efc8f76935d34f94fe07bcd1e66797bbe7cabb3966caa1fd3fb127bbcbe6e744ad2031ba41df5420bb93e1a4e0b1266c3287254bf1dc917447c75bd2f8ab8bda3f0506d85da2d93702dedd2b72ab56e37de6630cbc645a8972a7343a48d4bd335ad22e9716015ce2bfe7b2105076a594fac035cec6764b682cdbd24bf3cfcd3e0a77a858d6ecdaaed09938169d5965d05819988b97d9c4cec8c8220a0084254014f5c849c52777cb205e162e466db92efb2b4d1a2652485c253604ca16253444 
TIME = 240000 
 in = 53587b990100000000000000000000000000000000000000000000000000000000000000000000000000000000000000000000000000000000000000000000000000000000000000000000000000000000000000000000000000000000000000000000000000000000000000000000000000000000000000000000000000000000000000000000000000000000000080 
 in_conv = ca1ade998000000000000000000000000000000000000000000000000000000000000000000000000000000000000000000000000000000000000000000000000000000000000000000000000000000000000000000000000000000000000000000000000000000000000000000000000000000000000000000000000000000000000000000000000000000000000001 
 out = fa9c5b9fdd609a19097296f1716ee573d18af2152e591defe5dd2e49fda7146f1dad1b2a87da02cb8eee921dcb27ab6852aad69348baedab1ec76d19560c7579fc1acc08ed1a72b7e2f2c5638f425462b2dc08ebadb297ea48f1364f1b2aa8bba22628dc8aa5e8e7b25905332e184c123eb1974cd8fbca5a1b8bc6b04aa6fd10c2471cccdca453ec25612e3141bdbbfc5077981f130572ea5c10a025a447f8051317a2dfe7af2b7f2d3bb0d86446bee1c86ece7a76f23535e66cc8eefd371681cc6bed77127edca1 
TIME = 250000 
 in = 53587b990100000000000000000000000000000000000000000000000000000000000000000000000000000000000000000000000000000000000000000000000000000000000000000000000000000000000000000000000000000000000000000000000000000000000000000000000000000000000000000000000000000000000000000000000000000000000080 
 in_conv = ca1ade998000000000000000000000000000000000000000000000000000000000000000000000000000000000000000000000000000000000000000000000000000000000000000000000000000000000000000000000000000000000000000000000000000000000000000000000000000000000000000000000000000000000000000000000000000000000000001 
 out = daa7cb7f8e2f7a38bc7ad7297e821dd5089535c45988f1efc22177b74c59c5d13062c722346e7a8186aa432e4205474fb2900aa680f33f25fa50c055d69f920d4cb7e89313ac42f31173afa8a86a0473af533383ffff11e91daed6abc9936f78056401826f12db6ec4dfe05c3a4b289a77f4efd248ec9932c7793f28ec2ba5d99329c5337f043453fd8aa094cc712416bc0175978d151cde32965be42e689ec604e7114a8483dba022e81eff3e2613a7e010afb2c9cd2c276cc59af7372ddbcda30be112ef134fd8 
TIME = 260000 
 in = 53587b990100000000000000000000000000000000000000000000000000000000000000000000000000000000000000000000000000000000000000000000000000000000000000000000000000000000000000000000000000000000000000000000000000000000000000000000000000000000000000000000000000000000000000000000000000000000000080 
 in_conv = ca1ade998000000000000000000000000000000000000000000000000000000000000000000000000000000000000000000000000000000000000000000000000000000000000000000000000000000000000000000000000000000000000000000000000000000000000000000000000000000000000000000000000000000000000000000000000000000000000001 
 out = 537c7b0055bc199bf6d7d3b608375eda9f3d79866592541428287a7bb9fa674ce62c164e5699855b0e8d597c820e7d3e91b0a5ee878845ecac015be93f40a75f34d15db15ad783df4fb1cbaf45f1b2a112fa6da6d75977b24b9bfbac378340d8e9fb335109528ae9b34bfa45544f19c0ab190c5a1650f0098230031bfe82db80eb7751907e96ff9191e2eda5d061b973dfbe148ce4c7113c2a50de79b216e814a6027147461156db141ccdea4d46f9d045474dbb2be4fc024c2870cabe984657044b793925ec29e8 
TIME = 270000 
 in = 53587b990100000000000000000000000000000000000000000000000000000000000000000000000000000000000000000000000000000000000000000000000000000000000000000000000000000000000000000000000000000000000000000000000000000000000000000000000000000000000000000000000000000000000000000000000000000000000080 
 in_conv = ca1ade998000000000000000000000000000000000000000000000000000000000000000000000000000000000000000000000000000000000000000000000000000000000000000000000000000000000000000000000000000000000000000000000000000000000000000000000000000000000000000000000000000000000000000000000000000000000000001 
 out = ba4426e744a6844b97d6a27e6a38d7c805586b989e27268198683a31ccc9abef68a0eb9f042f74ec2f3397e9577592486388604eef0d971cd34587499e12de1443eea2b463ee13d15dd38566e72e9a4e1f051023c28d72f1c001331b6df96d27977aaa0a2dcc23b2b5940e3efc27aa3e4cab91c4afd28b212c3e4866788e5e5f695204f217d8c3d0eedc98b0b65e599b52c45d5a87d4043f256c1dab1e271bba84fd8a7699e1317476328327094a09b94f450701c064dba7fdcfb68deb1283bfca857a3fb6ce7469 
TIME = 280000 
 in = 53587b990100000000000000000000000000000000000000000000000000000000000000000000000000000000000000000000000000000000000000000000000000000000000000000000000000000000000000000000000000000000000000000000000000000000000000000000000000000000000000000000000000000000000000000000000000000000000080 
 in_conv = ca1ade998000000000000000000000000000000000000000000000000000000000000000000000000000000000000000000000000000000000000000000000000000000000000000000000000000000000000000000000000000000000000000000000000000000000000000000000000000000000000000000000000000000000000000000000000000000000000001 
 out = fb2a03b200c1f19d671aa6f8b219444cb03ff6743ff1a3ab2e8090b38657ec66fd0637764254b2da91716e77546bbde492e047c15e22c6a9d01e23b35bc6b2c19b25fc2cfb6edc8334e9608c63f680eceab5ec1dd9d5d0566b7ec6c6360430c477890bbb50404fdea291f683bc511cdcd40d060bf88f601a5a36e76ed2af42cda3256cb5e28e334c33d4a09c6b2b3b6442a0606e514b550af35ebce8848e31336b8d802b44fdf256bf27c64858b5b6af7860768d0340ec174ce7a2b635d3db7cc1da0b6d17f4c2db 
TIME = 290000 
 in = 53587b990100000000000000000000000000000000000000000000000000000000000000000000000000000000000000000000000000000000000000000000000000000000000000000000000000000000000000000000000000000000000000000000000000000000000000000000000000000000000000000000000000000000000000000000000000000000000080 
 in_conv = ca1ade998000000000000000000000000000000000000000000000000000000000000000000000000000000000000000000000000000000000000000000000000000000000000000000000000000000000000000000000000000000000000000000000000000000000000000000000000000000000000000000000000000000000000000000000000000000000000001 
 out = 5bc0feaf9a8a387a3dda7f83a9e9e81889b5ad2d381cceb30e93780b86ce23fb2467afc082456017543e80b29a059dd3f6bf8c872313168608b60f609fc2beb017206a61e36f31abb8e18504e4ee51051ec9807ea238f22637981d6f1ace283324ff25d2630d17e81c2f264e1706e0afd7481b98fbad319beac5a6bff04a0b94e05d235df0a211aeefed7fe525465430649d89d8da056d67376e33bd6bb10226c076b0fb1511bc3c7e1c340befabf6f8babf13e9fad56a0b3e65d2181aa52e19e422853c06096092 
TIME = 300000 
 in = 53587b990100000000000000000000000000000000000000000000000000000000000000000000000000000000000000000000000000000000000000000000000000000000000000000000000000000000000000000000000000000000000000000000000000000000000000000000000000000000000000000000000000000000000000000000000000000000000080 
 in_conv = ca1ade998000000000000000000000000000000000000000000000000000000000000000000000000000000000000000000000000000000000000000000000000000000000000000000000000000000000000000000000000000000000000000000000000000000000000000000000000000000000000000000000000000000000000000000000000000000000000001 
 out = 0c7b82a9f64725317c8ef49330c562363808de22ca68df25259691dc96472e847d57c695ce25cc333bf7bae3cacb2ca0b3b34ce1b0f68a8d530aa7c5a4d2f701b06dc99d24869f906c99821bd20ce5e3ea4f8ab6bb8bf4ffdab3304f734f5e1b64387f8a09a54cdbe41f8289b75f7e5ee36e477a5663e5534534cb6e7421d953434744cd91402a5f1da427292c9b19ae12e451426c802fbbce35246119f2b7f2cd903b16b662f50267dba21b3dd6edcf196198886a6f1288779c1e853e2f1ba49151ab24758a9317 
TIME = 310000 
 in = 53587b990100000000000000000000000000000000000000000000000000000000000000000000000000000000000000000000000000000000000000000000000000000000000000000000000000000000000000000000000000000000000000000000000000000000000000000000000000000000000000000000000000000000000000000000000000000000000080 
 in_conv = ca1ade998000000000000000000000000000000000000000000000000000000000000000000000000000000000000000000000000000000000000000000000000000000000000000000000000000000000000000000000000000000000000000000000000000000000000000000000000000000000000000000000000000000000000000000000000000000000000001 
 out = 729bf657694b3eb7c75f5b463804a3f283cee5d9caaa71dc80e26506331f19d376abc280ee586b4cab7cd84b053e2928cb192ead7cdbe1604f785ceba5edc9cf81ee529a4038c11e202abfdbcb7db2527caf9f1ffeee9054fe62ea6d681415d483809daa5a44f8a6dd5ce52826ef0b88780308a0add4bb98a18e441c2e38c295becd7221fb552b4679c6821448d56565cf1ac64fbff6e899f2ef1830e0e3916cba89c2afb6168a648cae9b85070063e4ba452dc4f82e1aa31b1a2d40a93cbb53903c541aec10cd9b 
TIME = 320000 
 in = 53587b990100000000000000000000000000000000000000000000000000000000000000000000000000000000000000000000000000000000000000000000000000000000000000000000000000000000000000000000000000000000000000000000000000000000000000000000000000000000000000000000000000000000000000000000000000000000000080 
 in_conv = ca1ade998000000000000000000000000000000000000000000000000000000000000000000000000000000000000000000000000000000000000000000000000000000000000000000000000000000000000000000000000000000000000000000000000000000000000000000000000000000000000000000000000000000000000000000000000000000000000001 
 out = 0be223e467741786c1d8f698c5fe92c7e067687aef823053ea5063b9ece3656634902de5c03bee7f25ab3446094fc7dad1ea66758d1ff148ca9953c2502a8e4e28ea1f661b5aeac99d344fe313b6106ae2e6e6ce6080261c1fe1279bc77a96bf0de0ed828370c475540600cdcbb6add62177de4dd294d187a7c1aa3c322addd7001d4402292654c222f0330cb3f9019dbd6ec50063a393e715c6aa2788fcc02f55623e73368afbacfe5538622a19c7ca1555be423706ab6e47571ee77854322a003dee165e5149a1 
TIME = 330000 
 in = 53587b990100000000000000000000000000000000000000000000000000000000000000000000000000000000000000000000000000000000000000000000000000000000000000000000000000000000000000000000000000000000000000000000000000000000000000000000000000000000000000000000000000000000000000000000000000000000000080 
 in_conv = ca1ade998000000000000000000000000000000000000000000000000000000000000000000000000000000000000000000000000000000000000000000000000000000000000000000000000000000000000000000000000000000000000000000000000000000000000000000000000000000000000000000000000000000000000000000000000000000000000001 
 out = 65fd4c1a8d80fde8efdb778698e03cedf91b26410569c24ab944a08158ad94e6111ab7ec200ddba617c64a48f866e6a327a2da9aaa1285ce6ecceadd66ef73a16afb42866478e7cca74977075c4af8a7cd0461ae6e06c5978b3cd1f6cb0cfdbaf06348cc99575da650401bc5aeff33e3433a29a5c431feb7216dc2b129b0b21251484a4a334dbb5342930e984372bab1322c05b1ba788ac4fdb56f2498ea81684d1df758ab75545800507102df1a3d83ff752dfba21cb549e7fafc6dfef1bd8b877da8a142bffc1b 
TIME = 340000 
 in = 53587b990100000000000000000000000000000000000000000000000000000000000000000000000000000000000000000000000000000000000000000000000000000000000000000000000000000000000000000000000000000000000000000000000000000000000000000000000000000000000000000000000000000000000000000000000000000000000080 
 in_conv = ca1ade998000000000000000000000000000000000000000000000000000000000000000000000000000000000000000000000000000000000000000000000000000000000000000000000000000000000000000000000000000000000000000000000000000000000000000000000000000000000000000000000000000000000000000000000000000000000000001 
 out = d666a514cc9dba25ac1ba69ed3930460deaac9851b5f0baab007df3b63cf92067eb4cd1270a7ed954c558bc757254566f2dbb375ff79c7fb76b324623ab3920e0ab7d103dc5402b6fac5cd5c6b06110816635de84cf6c6c1bbf8702bc04b82110811233befc348f1d04e452b335e06a6adadb818cc5c8b052e632c23779d90275f311594ebda8db8bcb1db171b8edd294f1b58ce43823dcafb1ed97c805c987a19453417e1b8fd03419c13dec126d057c9b9d83c4e58c6fd7cc4ca19a7f41fc4fd71b709c10709af 
$finish called at time : 410 ns : File "D:/vivado_projects/sha3/SHA3_vivado/sha3.srcs/sim_1/new/PERMUTATION_MODULE_TB.sv" Line 67
